2019-06-12 13:11:30 Error: [Cake\Core\Exception\MissingPluginException] Plugin ADmad/HybridAuth could not be found.
Exception Attributes: array (
  'plugin' => 'ADmad/HybridAuth',
)
Stack Trace:
#0 G:\OSPanel\domains\big-net-wallets.lc\public_html\config\bootstrap.php(270): Cake\Core\Plugin::load('ADmad/HybridAut...', Array)
#1 G:\OSPanel\domains\big-net-wallets.lc\public_html\vendor\cakephp\cakephp\src\Http\BaseApplication.php(61): require_once('G:\\OSPanel\\doma...')
#2 G:\OSPanel\domains\big-net-wallets.lc\public_html\vendor\cakephp\cakephp\src\Http\Server.php(72): Cake\Http\BaseApplication->bootstrap()
#3 G:\OSPanel\domains\big-net-wallets.lc\public_html\webroot\index.php(37): Cake\Http\Server->run()
#4 {main}


2019-06-12 13:11:30 Error: [Cake\Core\Exception\MissingPluginException] Plugin ADmad/HybridAuth could not be found.
Exception Attributes: array (
  'plugin' => 'ADmad/HybridAuth',
)
Stack Trace:
#0 G:\OSPanel\domains\big-net-wallets.lc\public_html\config\bootstrap.php(270): Cake\Core\Plugin::load('ADmad/HybridAut...', Array)
#1 G:\OSPanel\domains\big-net-wallets.lc\public_html\vendor\cakephp\cakephp\src\Http\BaseApplication.php(61): require_once('G:\\OSPanel\\doma...')
#2 G:\OSPanel\domains\big-net-wallets.lc\public_html\vendor\cakephp\cakephp\src\Http\Server.php(72): Cake\Http\BaseApplication->bootstrap()
#3 G:\OSPanel\domains\big-net-wallets.lc\public_html\webroot\index.php(37): Cake\Http\Server->run()
#4 {main}


2019-06-12 13:11:31 Error: [Cake\Core\Exception\MissingPluginException] Plugin ADmad/HybridAuth could not be found.
Exception Attributes: array (
  'plugin' => 'ADmad/HybridAuth',
)
Stack Trace:
#0 G:\OSPanel\domains\big-net-wallets.lc\public_html\config\bootstrap.php(270): Cake\Core\Plugin::load('ADmad/HybridAut...', Array)
#1 G:\OSPanel\domains\big-net-wallets.lc\public_html\vendor\cakephp\cakephp\src\Http\BaseApplication.php(61): require_once('G:\\OSPanel\\doma...')
#2 G:\OSPanel\domains\big-net-wallets.lc\public_html\vendor\cakephp\cakephp\src\Http\Server.php(72): Cake\Http\BaseApplication->bootstrap()
#3 G:\OSPanel\domains\big-net-wallets.lc\public_html\webroot\index.php(37): Cake\Http\Server->run()
#4 {main}


2019-06-12 13:11:31 Error: [Cake\Core\Exception\MissingPluginException] Plugin ADmad/HybridAuth could not be found.
Exception Attributes: array (
  'plugin' => 'ADmad/HybridAuth',
)
Stack Trace:
#0 G:\OSPanel\domains\big-net-wallets.lc\public_html\config\bootstrap.php(270): Cake\Core\Plugin::load('ADmad/HybridAut...', Array)
#1 G:\OSPanel\domains\big-net-wallets.lc\public_html\vendor\cakephp\cakephp\src\Http\BaseApplication.php(61): require_once('G:\\OSPanel\\doma...')
#2 G:\OSPanel\domains\big-net-wallets.lc\public_html\vendor\cakephp\cakephp\src\Http\Server.php(72): Cake\Http\BaseApplication->bootstrap()
#3 G:\OSPanel\domains\big-net-wallets.lc\public_html\webroot\index.php(37): Cake\Http\Server->run()
#4 {main}


2019-06-12 13:18:24 Error: [Error] Class 'PHPSandbox\PHPSandbox' not found
Request URL: /cabinet/home
Client IP: 127.0.0.1
Stack Trace:
#0 G:\OSPanel\domains\big-net-wallets.lc\public_html\src\Lib\Sandbox.php(478): App\Lib\Sandbox::instance()
#1 G:\OSPanel\domains\big-net-wallets.lc\public_html\src\Lib\Sandbox.php(492): App\Lib\Sandbox::run('<?php return fa...', Array, Array)
#2 G:\OSPanel\domains\big-net-wallets.lc\public_html\src\Lib\Sandbox.php(519): App\Lib\Sandbox::runFromStorage('loginBeforeClos...', Array, Array)
#3 G:\OSPanel\domains\big-net-wallets.lc\public_html\src\Template\Themes\BackMoon\App\login.ctp(22): App\Lib\Sandbox::runFromStorageOrIgnore('loginBeforeClos...')
#4 G:\OSPanel\domains\big-net-wallets.lc\public_html\vendor\cakephp\cakephp\src\View\View.php(1014): include('G:\\OSPanel\\doma...')
#5 G:\OSPanel\domains\big-net-wallets.lc\public_html\vendor\cakephp\cakephp\src\View\View.php(973): Cake\View\View->_evaluate('G:\\OSPanel\\doma...', Array)
#6 G:\OSPanel\domains\big-net-wallets.lc\public_html\vendor\cakephp\cakephp\src\View\View.php(597): Cake\View\View->_render('G:\\OSPanel\\doma...')
#7 G:\OSPanel\domains\big-net-wallets.lc\public_html\vendor\cakephp\cakephp\src\Controller\Controller.php(617): Cake\View\View->render(NULL, NULL)
#8 G:\OSPanel\domains\big-net-wallets.lc\public_html\vendor\cakephp\cakephp\src\Http\ActionDispatcher.php(127): Cake\Controller\Controller->render()
#9 G:\OSPanel\domains\big-net-wallets.lc\public_html\vendor\cakephp\cakephp\src\Http\ActionDispatcher.php(95): Cake\Http\ActionDispatcher->_invoke(Object(App\Controller\CabinetController))
#10 G:\OSPanel\domains\big-net-wallets.lc\public_html\vendor\cakephp\cakephp\src\Http\BaseApplication.php(83): Cake\Http\ActionDispatcher->dispatch(Object(Cake\Network\Request), Object(Cake\Network\Response))
#11 G:\OSPanel\domains\big-net-wallets.lc\public_html\vendor\cakephp\cakephp\src\Http\Runner.php(65): Cake\Http\BaseApplication->__invoke(Object(Zend\Diactoros\ServerRequest), Object(Zend\Diactoros\Response), Object(Cake\Http\Runner))
#12 G:\OSPanel\domains\big-net-wallets.lc\public_html\vendor\cakephp\cakephp\src\Routing\Middleware\RoutingMiddleware.php(62): Cake\Http\Runner->__invoke(Object(Zend\Diactoros\ServerRequest), Object(Zend\Diactoros\Response))
#13 G:\OSPanel\domains\big-net-wallets.lc\public_html\vendor\cakephp\cakephp\src\Http\Runner.php(65): Cake\Routing\Middleware\RoutingMiddleware->__invoke(Object(Zend\Diactoros\ServerRequest), Object(Zend\Diactoros\Response), Object(Cake\Http\Runner))
#14 G:\OSPanel\domains\big-net-wallets.lc\public_html\vendor\cakephp\cakephp\src\Routing\Middleware\AssetMiddleware.php(88): Cake\Http\Runner->__invoke(Object(Zend\Diactoros\ServerRequest), Object(Zend\Diactoros\Response))
#15 G:\OSPanel\domains\big-net-wallets.lc\public_html\vendor\cakephp\cakephp\src\Http\Runner.php(65): Cake\Routing\Middleware\AssetMiddleware->__invoke(Object(Zend\Diactoros\ServerRequest), Object(Zend\Diactoros\Response), Object(Cake\Http\Runner))
#16 G:\OSPanel\domains\big-net-wallets.lc\public_html\vendor\cakephp\cakephp\src\Error\Middleware\ErrorHandlerMiddleware.php(81): Cake\Http\Runner->__invoke(Object(Zend\Diactoros\ServerRequest), Object(Zend\Diactoros\Response))
#17 G:\OSPanel\domains\big-net-wallets.lc\public_html\vendor\cakephp\cakephp\src\Http\Runner.php(65): Cake\Error\Middleware\ErrorHandlerMiddleware->__invoke(Object(Zend\Diactoros\ServerRequest), Object(Zend\Diactoros\Response), Object(Cake\Http\Runner))
#18 G:\OSPanel\domains\big-net-wallets.lc\public_html\vendor\cakephp\cakephp\src\Http\Runner.php(51): Cake\Http\Runner->__invoke(Object(Zend\Diactoros\ServerRequest), Object(Zend\Diactoros\Response))
#19 G:\OSPanel\domains\big-net-wallets.lc\public_html\vendor\cakephp\cakephp\src\Http\Server.php(90): Cake\Http\Runner->run(Object(Cake\Http\MiddlewareQueue), Object(Zend\Diactoros\ServerRequest), Object(Zend\Diactoros\Response))
#20 G:\OSPanel\domains\big-net-wallets.lc\public_html\webroot\index.php(37): Cake\Http\Server->run()
#21 {main}


2019-06-12 13:18:25 Error: [Cake\Routing\Exception\MissingControllerException] Controller class Favicon.ico could not be found.
Exception Attributes: array (
  'class' => 'Favicon.ico',
  'plugin' => false,
  'prefix' => false,
  '_ext' => false,
)
Request URL: /favicon.ico
Referer URL: http://big-net-wallets.lc/cabinet/home
Stack Trace:
#0 G:\OSPanel\domains\big-net-wallets.lc\public_html\vendor\cakephp\cakephp\src\Http\ControllerFactory.php(67): Cake\Http\ControllerFactory->missingController(Object(Cake\Network\Request))
#1 G:\OSPanel\domains\big-net-wallets.lc\public_html\vendor\cakephp\cakephp\src\Http\ActionDispatcher.php(92): Cake\Http\ControllerFactory->create(Object(Cake\Network\Request), Object(Cake\Network\Response))
#2 G:\OSPanel\domains\big-net-wallets.lc\public_html\vendor\cakephp\cakephp\src\Http\BaseApplication.php(83): Cake\Http\ActionDispatcher->dispatch(Object(Cake\Network\Request), Object(Cake\Network\Response))
#3 G:\OSPanel\domains\big-net-wallets.lc\public_html\vendor\cakephp\cakephp\src\Http\Runner.php(65): Cake\Http\BaseApplication->__invoke(Object(Zend\Diactoros\ServerRequest), Object(Zend\Diactoros\Response), Object(Cake\Http\Runner))
#4 G:\OSPanel\domains\big-net-wallets.lc\public_html\vendor\cakephp\cakephp\src\Routing\Middleware\RoutingMiddleware.php(62): Cake\Http\Runner->__invoke(Object(Zend\Diactoros\ServerRequest), Object(Zend\Diactoros\Response))
#5 G:\OSPanel\domains\big-net-wallets.lc\public_html\vendor\cakephp\cakephp\src\Http\Runner.php(65): Cake\Routing\Middleware\RoutingMiddleware->__invoke(Object(Zend\Diactoros\ServerRequest), Object(Zend\Diactoros\Response), Object(Cake\Http\Runner))
#6 G:\OSPanel\domains\big-net-wallets.lc\public_html\vendor\cakephp\cakephp\src\Routing\Middleware\AssetMiddleware.php(93): Cake\Http\Runner->__invoke(Object(Zend\Diactoros\ServerRequest), Object(Zend\Diactoros\Response))
#7 G:\OSPanel\domains\big-net-wallets.lc\public_html\vendor\cakephp\cakephp\src\Http\Runner.php(65): Cake\Routing\Middleware\AssetMiddleware->__invoke(Object(Zend\Diactoros\ServerRequest), Object(Zend\Diactoros\Response), Object(Cake\Http\Runner))
#8 G:\OSPanel\domains\big-net-wallets.lc\public_html\vendor\cakephp\cakephp\src\Error\Middleware\ErrorHandlerMiddleware.php(81): Cake\Http\Runner->__invoke(Object(Zend\Diactoros\ServerRequest), Object(Zend\Diactoros\Response))
#9 G:\OSPanel\domains\big-net-wallets.lc\public_html\vendor\cakephp\cakephp\src\Http\Runner.php(65): Cake\Error\Middleware\ErrorHandlerMiddleware->__invoke(Object(Zend\Diactoros\ServerRequest), Object(Zend\Diactoros\Response), Object(Cake\Http\Runner))
#10 G:\OSPanel\domains\big-net-wallets.lc\public_html\vendor\cakephp\cakephp\src\Http\Runner.php(51): Cake\Http\Runner->__invoke(Object(Zend\Diactoros\ServerRequest), Object(Zend\Diactoros\Response))
#11 G:\OSPanel\domains\big-net-wallets.lc\public_html\vendor\cakephp\cakephp\src\Http\Server.php(90): Cake\Http\Runner->run(Object(Cake\Http\MiddlewareQueue), Object(Zend\Diactoros\ServerRequest), Object(Zend\Diactoros\Response))
#12 G:\OSPanel\domains\big-net-wallets.lc\public_html\webroot\index.php(37): Cake\Http\Server->run()
#13 {main}


